<?xml version="1.0" encoding="utf-8"?><testsuites name="pytest tests"><testsuite name="pytest" errors="0" failures="0" skipped="0" tests="21" time="13.000" timestamp="2026-03-27T17:01:54.169958+00:00" hostname="agent-env-2081f2d0-eedc-4d6b-82c8-beeaa8a89a7d"><testcase classname="tests.test_cooldown_cart.TestAuth" name="test_auth_me_without_token_returns_401" time="0.216" /><testcase classname="tests.test_cooldown_cart.TestAuth" name="test_auth_me_with_valid_token_returns_user" time="0.113" /><testcase classname="tests.test_cooldown_cart.TestPurchases" name="test_create_purchase_with_ai_waiting_period" time="1.530" /><testcase classname="tests.test_cooldown_cart.TestPurchases" name="test_create_purchase_requires_auth" time="0.139" /><testcase classname="tests.test_cooldown_cart.TestPurchases" name="test_create_purchase_validates_input" time="0.265" /><testcase classname="tests.test_cooldown_cart.TestPurchases" name="test_list_active_purchases" time="0.150" /><testcase classname="tests.test_cooldown_cart.TestPurchases" name="test_list_purchases_requires_auth" time="0.218" /><testcase classname="tests.test_cooldown_cart.TestPurchases" name="test_get_purchase_history" time="0.198" /><testcase classname="tests.test_cooldown_cart.TestPurchases" name="test_decide_purchase_mark_as_skipped" time="1.322" /><testcase classname="tests.test_cooldown_cart.TestPurchases" name="test_decide_purchase_mark_as_bought" time="1.303" /><testcase classname="tests.test_cooldown_cart.TestPurchases" name="test_decide_purchase_validates_decision" time="1.332" /><testcase classname="tests.test_cooldown_cart.TestPurchases" name="test_decide_nonexistent_purchase_returns_404" time="0.161" /><testcase classname="tests.test_cooldown_cart.TestChat" name="test_send_chat_message_and_get_ai_response" time="2.550" /><testcase classname="tests.test_cooldown_cart.TestChat" name="test_get_chat_history" time="0.112" /><testcase classname="tests.test_cooldown_cart.TestChat" name="test_chat_requires_auth" time="0.142" /><testcase classname="tests.test_cooldown_cart.TestChat" name="test_chat_with_nonexistent_purchase_returns_404" time="0.136" /><testcase classname="tests.test_cooldown_cart.TestChat" name="test_chat_validates_message" time="1.518" /><testcase classname="tests.test_cooldown_cart.TestSettings" name="test_get_user_settings" time="0.160" /><testcase classname="tests.test_cooldown_cart.TestSettings" name="test_update_user_settings" time="0.215" /><testcase classname="tests.test_cooldown_cart.TestSettings" name="test_settings_require_auth" time="0.174" /><testcase classname="tests.test_cooldown_cart.TestCleanup" name="test_cleanup_test_purchases" time="0.853" /></testsuite></testsuites>